unity/build/outputs/logs/manifest-merger-debug-report.txt
-- Merging decision tree log ---
manifest
ADDED from AndroidManifest.xml:17:1
	xmlns:android
		ADDED from AndroidManifest.xml:17:11
	package
		ADDED from AndroidManifest.xml:17:120
		INJECTED from AndroidManifest.xml:0:0
		INJECTED from AndroidManifest.xml:0:0
	android:versionName
		ADDED from AndroidManifest.xml:17:70
	android:versionCode
		ADDED from AndroidManifest.xml:17:96
		INJECTED from AndroidManifest.xml:0:0
		INJECTED from AndroidManifest.xml:0:0
	android:installLocation
		ADDED from AndroidManifest.xml:17:168
uses-sdk
ADDED from AndroidManifest.xml:18:3
	android:targetSdkVersion
		ADDED from AndroidManifest.xml:18:40
		INJECTED from AndroidManifest.xml:0:0
		INJECTED from AndroidManifest.xml:0:0
	android:minSdkVersion
		ADDED from AndroidManifest.xml:18:13
		INJECTED from AndroidManifest.xml:0:0
		INJECTED from AndroidManifest.xml:0:0
uses-feature#0x00020000
ADDED from AndroidManifest.xml:19:3
	android:glEsVersion
		ADDED from AndroidManifest.xml:19:17
uses-permission#android.permission.NFC
ADDED from AndroidManifest.xml:20:3
	android:name
		ADDED from AndroidManifest.xml:20:20
uses-permission#android.permission.READ_EXTERNAL_STORAGE
ADDED from AndroidManifest.xml:21:3
	android:name
		ADDED from AndroidManifest.xml:21:20
uses-permission#android.permission.WRITE_EXTERNAL_STORAGE
ADDED from AndroidManifest.xml:22:3
	android:name
		ADDED from AndroidManifest.xml:22:20
application
ADDED from AndroidManifest.xml:23:3
	android:label
		ADDED from AndroidManifest.xml:23:50
	android:debuggable
		ADDED from AndroidManifest.xml:23:83
	android:icon
		ADDED from AndroidManifest.xml:23:16
activity#com.example.FantasyCardboardUnityDemo.MainActivity
ADDED from AndroidManifest.xml:24:7
	android:screenOrientation
		ADDED from AndroidManifest.xml:26:44
	android:label
		ADDED from AndroidManifest.xml:26:11
	android:name
		ADDED from AndroidManifest.xml:25:11
intent-filter#android.intent.action.MAIN+android.intent.category.LAUNCHER
ADDED from AndroidManifest.xml:27:11
action#android.intent.action.MAIN
ADDED from AndroidManifest.xml:28:15
	android:name
		ADDED from AndroidManifest.xml:28:23
category#android.intent.category.LAUNCHER
ADDED from AndroidManifest.xml:30:15
	android:name
		ADDED from AndroidManifest.xml:30:25
activity#com.google.vrtoolkit.cardboard.plugins.unity.UnityCardboardActivity
ADDED from AndroidManifest.xml:33:5
	android:screenOrientation
		ADDED from AndroidManifest.xml:33:131
	android:label
		ADDED from AndroidManifest.xml:33:98
	android:configChanges
		ADDED from AndroidManifest.xml:33:201
	android:name
		ADDED from AndroidManifest.xml:33:15
	android:launchMode
		ADDED from AndroidManifest.xml:33:169
intent-filter#android.intent.action.MAIN+android.intent.category.LAUNCHER+com.google.intent.category.CARDBOARD
ADDED from AndroidManifest.xml:34:7
category#com.google.intent.category.CARDBOARD
ADDED from AndroidManifest.xml:37:9
	android:name
		ADDED from AndroidManifest.xml:37:19
meta-data#unityplayer.UnityActivity
ADDED from AndroidManifest.xml:39:7
	android:name
		ADDED from AndroidManifest.xml:39:18
	android:value
		ADDED from AndroidManifest.xml:39:59
uses-feature#android.hardware.touchscreen
ADDED from AndroidManifest.xml:50:3
	android:required
		ADDED from AndroidManifest.xml:50:61
	android:name
		ADDED from AndroidManifest.xml:50:17
uses-feature#android.hardware.touchscreen.multitouch
ADDED from AndroidManifest.xml:51:3
	android:required
		ADDED from AndroidManifest.xml:51:72
	android:name
		ADDED from AndroidManifest.xml:51:17
uses-feature#android.hardware.touchscreen.multitouch.distinct
ADDED from AndroidManifest.xml:52:3
	android:required
		ADDED from AndroidManifest.xml:52:81
	android:name
		ADDED from AndroidManifest.xml:52:17